#
# There is insufficient memory for the Java Runtime Environment to continue.
# Native memory allocation (mmap) failed to map 357564416 bytes for committing reserved memory.
# Possible reasons:
#   The system is out of physical RAM or swap space
#   The process is running with CompressedOops enabled, and the Java Heap may be blocking the growth of the native heap
# Possible solutions:
#   Reduce memory load on the system
#   Increase physical memory or swap space
#   Check if swap backing store is full
#   Decrease Java heap size (-Xmx/-Xms)
#   Decrease number of Java threads
#   Decrease Java thread stack sizes (-Xss)
#   Set larger code cache with -XX:ReservedCodeCacheSize=
# This output file may be truncated or incomplete.
#
#  Out of Memory Error (os_linux.cpp:2757), pid=11695, tid=0x00007f47c0f68700
#
# JRE version:  (8.0_252-b09) (build )
# Java VM: OpenJDK 64-Bit Server VM (25.252-b09 mixed mode linux-amd64 compressed oops)
# Failed to write core dump. Core dumps have been disabled. To enable core dumping, try "ulimit -c unlimited" before starting Java again
#

---------------  T H R E A D  ---------------

Current thread (0x00007f47bc00a800):  JavaThread "Unknown thread" [_thread_in_vm, id=11759, stack(0x00007f47c0b68000,0x00007f47c0f69000)]

Stack: [0x00007f47c0b68000,0x00007f47c0f69000],  sp=0x00007f47c0f67670,  free space=4093k
Native frames: (J=compiled Java code, j=interpreted, Vv=VM code, C=native code)
V  [libjvm.so+0xa7af9b]
V  [libjvm.so+0x4ccc7c]
V  [libjvm.so+0x8c8ce8]
V  [libjvm.so+0x8c032e]
V  [libjvm.so+0x93e076]
V  [libjvm.so+0x94008d]
V  [libjvm.so+0x2b2477]
V  [libjvm.so+0x8ee479]
V  [libjvm.so+0xa3eb69]
V  [libjvm.so+0xa3edb2]
V  [libjvm.so+0x617fdf]
V  [libjvm.so+0xa242cb]
V  [libjvm.so+0x692a22]  JNI_CreateJavaVM+0x62
C  [libjli.so+0x2f2e]
C  [libjli.so+0x74ed]
C  [libpthread.so.0+0x76ba]  start_thread+0xca


---------------  P R O C E S S  ---------------

Java Threads: ( => current thread )

Other Threads:

=>0x00007f47bc00a800 (exited) JavaThread "Unknown thread" [_thread_in_vm, id=11759, stack(0x00007f47c0b68000,0x00007f47c0f69000)]

VM state:not at safepoint (not fully initialized)

VM Mutex/Monitor currently owned by a thread: None

heap address: 0x00000000c0000000, size: 1024 MB, Compressed Oops mode: Non-zero based:0x00000000bffff000
Narrow klass base: 0x0000000000000000, Narrow klass shift: 0

GC Heap History (0 events):
No events

Deoptimization events (0 events):
No events

Classes redefined (0 events):
No events

Internal exceptions (0 events):
No events

Events (0 events):
No events


Dynamic libraries:
c0000000-eab00000 ---p 00000000 00:00 0 
560571093000-560571094000 r-xp 00000000 fd:01 12335259                   /usr/lib/jvm/java-8-openjdk-amd64/jre/bin/java
560571293000-560571294000 r--p 00000000 fd:01 12335259                   /usr/lib/jvm/java-8-openjdk-amd64/jre/bin/java
560571294000-560571295000 rw-p 00001000 fd:01 12335259                   /usr/lib/jvm/java-8-openjdk-amd64/jre/bin/java
560572978000-560572999000 rw-p 00000000 00:00 0                          [heap]
7f47b35d8000-7f47b37d8000 ---p 00000000 00:00 0 
7f47b37d8000-7f47b37e3000 rw-p 00000000 00:00 0 
7f47b37e3000-7f47b39d9000 ---p 00000000 00:00 0 
7f47b39d9000-7f47b3c49000 rwxp 00000000 00:00 0 
7f47b3c49000-7f47bb9d9000 ---p 00000000 00:00 0 
7f47bb9d9000-7f47bb9e1000 r-xp 00000000 fd:01 12324378                   /usr/lib/jvm/java-8-openjdk-amd64/jre/lib/amd64/libzip.so
7f47bb9e1000-7f47bbbe0000 ---p 00008000 fd:01 12324378                   /usr/lib/jvm/java-8-openjdk-amd64/jre/lib/amd64/libzip.so
7f47bbbe0000-7f47bbbe1000 r--p 00007000 fd:01 12324378                   /usr/lib/jvm/java-8-openjdk-amd64/jre/lib/amd64/libzip.so
7f47bbbe1000-7f47bbbe2000 rw-p 00008000 fd:01 12324378                   /usr/lib/jvm/java-8-openjdk-amd64/jre/lib/amd64/libzip.so
7f47bbbe2000-7f47bbbed000 r-xp 00000000 fd:01 4199089                    /lib/x86_64-linux-gnu/libnss_files-2.23.so
7f47bbbed000-7f47bbdec000 ---p 0000b000 fd:01 4199089                    /lib/x86_64-linux-gnu/libnss_files-2.23.so
7f47bbdec000-7f47bbded000 r--p 0000a000 fd:01 4199089                    /lib/x86_64-linux-gnu/libnss_files-2.23.so
7f47bbded000-7f47bbdee000 rw-p 0000b000 fd:01 4199089                    /lib/x86_64-linux-gnu/libnss_files-2.23.so
7f47bbdee000-7f47bbdf4000 rw-p 00000000 00:00 0 
7f47bbdf4000-7f47bbdff000 r-xp 00000000 fd:01 4199099                    /lib/x86_64-linux-gnu/libnss_nis-2.23.so
7f47bbdff000-7f47bbffe000 ---p 0000b000 fd:01 4199099                    /lib/x86_64-linux-gnu/libnss_nis-2.23.so
7f47bbffe000-7f47bbfff000 r--p 0000a000 fd:01 4199099                    /lib/x86_64-linux-gnu/libnss_nis-2.23.so
7f47bbfff000-7f47bc000000 rw-p 0000b000 fd:01 4199099                    /lib/x86_64-linux-gnu/libnss_nis-2.23.so
7f47bc000000-7f47bc031000 rw-p 00000000 00:00 0 
7f47bc031000-7f47c0000000 ---p 00000000 00:00 0 
7f47c0101000-7f47c0117000 r-xp 00000000 fd:01 4199083                    /lib/x86_64-linux-gnu/libnsl-2.23.so
7f47c0117000-7f47c0316000 ---p 00016000 fd:01 4199083                    /lib/x86_64-linux-gnu/libnsl-2.23.so
7f47c0316000-7f47c0317000 r--p 00015000 fd:01 4199083                    /lib/x86_64-linux-gnu/libnsl-2.23.so
7f47c0317000-7f47c0318000 rw-p 00016000 fd:01 4199083                    /lib/x86_64-linux-gnu/libnsl-2.23.so
7f47c0318000-7f47c031a000 rw-p 00000000 00:00 0 
7f47c031a000-7f47c0322000 r-xp 00000000 fd:01 4199085                    /lib/x86_64-linux-gnu/libnss_compat-2.23.so
7f47c0322000-7f47c0521000 ---p 00008000 fd:01 4199085                    /lib/x86_64-linux-gnu/libnss_compat-2.23.so
7f47c0521000-7f47c0522000 r--p 00007000 fd:01 4199085                    /lib/x86_64-linux-gnu/libnss_compat-2.23.so
7f47c0522000-7f47c0523000 rw-p 00008000 fd:01 4199085                    /lib/x86_64-linux-gnu/libnss_compat-2.23.so
7f47c0523000-7f47c054c000 r-xp 00000000 fd:01 12324371                   /usr/lib/jvm/java-8-openjdk-amd64/jre/lib/amd64/libjava.so
7f47c054c000-7f47c074c000 ---p 00029000 fd:01 12324371                   /usr/lib/jvm/java-8-openjdk-amd64/jre/lib/amd64/libjava.so
7f47c074c000-7f47c074d000 r--p 00029000 fd:01 12324371                   /usr/lib/jvm/java-8-openjdk-amd64/jre/lib/amd64/libjava.so
7f47c074d000-7f47c074f000 rw-p 0002a000 fd:01 12324371                   /usr/lib/jvm/java-8-openjdk-amd64/jre/lib/amd64/libjava.so
7f47c074f000-7f47c075e000 r-xp 00000000 fd:01 12324392                   /usr/lib/jvm/java-8-openjdk-amd64/jre/lib/amd64/libverify.so
7f47c075e000-7f47c095d000 ---p 0000f000 fd:01 12324392                   /usr/lib/jvm/java-8-openjdk-amd64/jre/lib/amd64/libverify.so
7f47c095d000-7f47c095f000 r--p 0000e000 fd:01 12324392                   /usr/lib/jvm/java-8-openjdk-amd64/jre/lib/amd64/libverify.so
7f47c095f000-7f47c0960000 rw-p 00010000 fd:01 12324392                   /usr/lib/jvm/java-8-openjdk-amd64/jre/lib/amd64/libverify.so
7f47c0960000-7f47c0967000 r-xp 00000000 fd:01 4199144                    /lib/x86_64-linux-gnu/librt-2.23.so
7f47c0967000-7f47c0b66000 ---p 00007000 fd:01 4199144                    /lib/x86_64-linux-gnu/librt-2.23.so
7f47c0b66000-7f47c0b67000 r--p 00006000 fd:01 4199144                    /lib/x86_64-linux-gnu/librt-2.23.so
7f47c0b67000-7f47c0b68000 rw-p 00007000 fd:01 4199144                    /lib/x86_64-linux-gnu/librt-2.23.so
7f47c0b68000-7f47c0b6b000 ---p 00000000 00:00 0 
7f47c0b6b000-7f47c0f69000 rw-p 00000000 00:00 0 
7f47c0f69000-7f47c0f7f000 r-xp 00000000 fd:01 4199028                    /lib/x86_64-linux-gnu/libgcc_s.so.1
7f47c0f7f000-7f47c117e000 ---p 00016000 fd:01 4199028                    /lib/x86_64-linux-gnu/libgcc_s.so.1
7f47c117e000-7f47c117f000 rw-p 00015000 fd:01 4199028                    /lib/x86_64-linux-gnu/libgcc_s.so.1
7f47c117f000-7f47c1287000 r-xp 00000000 fd:01 4199060                    /lib/x86_64-linux-gnu/libm-2.23.so
7f47c1287000-7f47c1486000 ---p 00108000 fd:01 4199060                    /lib/x86_64-linux-gnu/libm-2.23.so
7f47c1486000-7f47c1487000 r--p 00107000 fd:01 4199060                    /lib/x86_64-linux-gnu/libm-2.23.so
7f47c1487000-7f47c1488000 rw-p 00108000 fd:01 4199060                    /lib/x86_64-linux-gnu/libm-2.23.so
7f47c1488000-7f47c15fa000 r-xp 00000000 fd:01 12322951                   /usr/lib/x86_64-linux-gnu/libstdc++.so.6.0.21
7f47c15fa000-7f47c17fa000 ---p 00172000 fd:01 12322951                   /usr/lib/x86_64-linux-gnu/libstdc++.so.6.0.21
7f47c17fa000-7f47c1804000 r--p 00172000 fd:01 12322951                   /usr/lib/x86_64-linux-gnu/libstdc++.so.6.0.21
7f47c1804000-7f47c1806000 rw-p 0017c000 fd:01 12322951                   /usr/lib/x86_64-linux-gnu/libstdc++.so.6.0.21
7f47c1806000-7f47c180a000 rw-p 00000000 00:00 0 
7f47c180a000-7f47c2472000 r-xp 00000000 fd:01 12324372                   /usr/lib/jvm/java-8-openjdk-amd64/jre/lib/amd64/server/libjvm.so
7f47c2472000-7f47c2672000 ---p 00c68000 fd:01 12324372                   /usr/lib/jvm/java-8-openjdk-amd64/jre/lib/amd64/server/libjvm.so
7f47c2672000-7f47c2706000 r--p 00c68000 fd:01 12324372                   /usr/lib/jvm/java-8-openjdk-amd64/jre/lib/amd64/server/libjvm.so
7f47c2706000-7f47c272f000 rw-p 00cfc000 fd:01 12324372                   /usr/lib/jvm/java-8-openjdk-amd64/jre/lib/amd64/server/libjvm.so
7f47c272f000-7f47c275f000 rw-p 00000000 00:00 0 
7f47c275f000-7f47c2777000 r-xp 00000000 fd:01 4199136                    /lib/x86_64-linux-gnu/libpthread-2.23.so
7f47c2777000-7f47c2976000 ---p 00018000 fd:01 4199136                    /lib/x86_64-linux-gnu/libpthread-2.23.so
7f47c2976000-7f47c2977000 r--p 00017000 fd:01 4199136                    /lib/x86_64-linux-gnu/libpthread-2.23.so
7f47c2977000-7f47c2978000 rw-p 00018000 fd:01 4199136                    /lib/x86_64-linux-gnu/libpthread-2.23.so
7f47c2978000-7f47c297c000 rw-p 00000000 00:00 0 
7f47c297c000-7f47c297f000 r-xp 00000000 fd:01 4199014                    /lib/x86_64-linux-gnu/libdl-2.23.so
7f47c297f000-7f47c2b7e000 ---p 00003000 fd:01 4199014                    /lib/x86_64-linux-gnu/libdl-2.23.so
7f47c2b7e000-7f47c2b7f000 r--p 00002000 fd:01 4199014                    /lib/x86_64-linux-gnu/libdl-2.23.so
7f47c2b7f000-7f47c2b80000 rw-p 00003000 fd:01 4199014                    /lib/x86_64-linux-gnu/libdl-2.23.so
7f47c2b80000-7f47c2b99000 r-xp 00000000 fd:01 4198987                    /lib/x86_64-linux-gnu/libz.so.1.2.8
7f47c2b99000-7f47c2d98000 ---p 00019000 fd:01 4198987                    /lib/x86_64-linux-gnu/libz.so.1.2.8
7f47c2d98000-7f47c2d99000 r--p 00018000 fd:01 4198987                    /lib/x86_64-linux-gnu/libz.so.1.2.8
7f47c2d99000-7f47c2d9a000 rw-p 00019000 fd:01 4198987                    /lib/x86_64-linux-gnu/libz.so.1.2.8
7f47c2d9a000-7f47c2f5a000 r-xp 00000000 fd:01 4198990                    /lib/x86_64-linux-gnu/libc-2.23.so
7f47c2f5a000-7f47c315a000 ---p 001c0000 fd:01 4198990                    /lib/x86_64-linux-gnu/libc-2.23.so
7f47c315a000-7f47c315e000 r--p 001c0000 fd:01 4198990                    /lib/x86_64-linux-gnu/libc-2.23.so
7f47c315e000-7f47c3160000 rw-p 001c4000 fd:01 4198990                    /lib/x86_64-linux-gnu/libc-2.23.so
7f47c3160000-7f47c3164000 rw-p 00000000 00:00 0 
7f47c3164000-7f47c3171000 r-xp 00000000 fd:01 12324370                   /usr/lib/jvm/java-8-openjdk-amd64/jre/lib/amd64/jli/libjli.so
7f47c3171000-7f47c3371000 ---p 0000d000 fd:01 12324370                   /usr/lib/jvm/java-8-openjdk-amd64/jre/lib/amd64/jli/libjli.so
7f47c3371000-7f47c3372000 r--p 0000d000 fd:01 12324370                   /usr/lib/jvm/java-8-openjdk-amd64/jre/lib/amd64/jli/libjli.so
7f47c3372000-7f47c3373000 rw-p 0000e000 fd:01 12324370                   /usr/lib/jvm/java-8-openjdk-amd64/jre/lib/amd64/jli/libjli.so
7f47c3373000-7f47c3399000 r-xp 00000000 fd:01 4198962                    /lib/x86_64-linux-gnu/ld-2.23.so
7f47c3577000-7f47c357b000 rw-p 00000000 00:00 0 
7f47c358d000-7f47c3595000 rw-s 00000000 fd:01 7212216                    /tmp/hsperfdata_jack/11695
7f47c3595000-7f47c3596000 rw-p 00000000 00:00 0 
7f47c3596000-7f47c3597000 r--p 00000000 00:00 0 
7f47c3597000-7f47c3598000 rw-p 00000000 00:00 0 
7f47c3598000-7f47c3599000 r--p 00025000 fd:01 4198962                    /lib/x86_64-linux-gnu/ld-2.23.so
7f47c3599000-7f47c359a000 rw-p 00026000 fd:01 4198962                    /lib/x86_64-linux-gnu/ld-2.23.so
7f47c359a000-7f47c359b000 rw-p 00000000 00:00 0 
7ffcc69ab000-7ffcc69cc000 rw-p 00000000 00:00 0                          [stack]
7ffcc69e3000-7ffcc69e6000 r--p 00000000 00:00 0                          [vvar]
7ffcc69e6000-7ffcc69e8000 r-xp 00000000 00:00 0                          [vdso]
ffffffffff600000-ffffffffff601000 r-xp 00000000 00:00 0                  [vsyscall]

VM Arguments:
jvm_args: -Dfile.encoding=UTF-8 -Xms1024m -Xmx1024m -Xss4M -XX:ReservedCodeCacheSize=128m 
java_command: /usr/share/sbt/bin/sbt-launch.jar run
java_class_path (initial): /usr/share/sbt/bin/sbt-launch.jar
Launcher Type: SUN_STANDARD

Environment Variables:
JAVA_HOME=/usr/lib/jvm/java-1.8.0-openjdk-amd64
PATH=/home/jack/bin:/home/jack/.local/bin:/usr/local/sbin:/usr/local/bin:/usr/sbin:/usr/bin:/sbin:/bin:/usr/games:/usr/local/games:/snap/bin
SHELL=/bin/bash
DISPLAY=:0

Signal Handlers:
SIGSEGV: [libjvm.so+0xa7bb00], sa_mask[0]=11111111011111111101111111111110, sa_flags=SA_RESTART|SA_SIGINFO
SIGBUS: [libjvm.so+0xa7bb00], sa_mask[0]=11111111011111111101111111111110, sa_flags=SA_RESTART|SA_SIGINFO
SIGFPE: [libjvm.so+0x8c3d50], sa_mask[0]=11111111011111111101111111111110, sa_flags=SA_RESTART|SA_SIGINFO
SIGPIPE: [libjvm.so+0x8c3d50], sa_mask[0]=11111111011111111101111111111110, sa_flags=SA_RESTART|SA_SIGINFO
SIGXFSZ: [libjvm.so+0x8c3d50], sa_mask[0]=11111111011111111101111111111110, sa_flags=SA_RESTART|SA_SIGINFO
SIGILL: [libjvm.so+0x8c3d50], sa_mask[0]=11111111011111111101111111111110, sa_flags=SA_RESTART|SA_SIGINFO
SIGUSR1: SIG_DFL, sa_mask[0]=00000000000000000000000000000000, sa_flags=none
SIGUSR2: [libjvm.so+0x8c3c00], sa_mask[0]=00000000000000000000000000000000, sa_flags=SA_RESTART|SA_SIGINFO
SIGHUP: SIG_DFL, sa_mask[0]=00000000000000000000000000000000, sa_flags=none
SIGINT: SIG_DFL, sa_mask[0]=00000000000000000000000000000000, sa_flags=none
SIGTERM: SIG_DFL, sa_mask[0]=00000000000000000000000000000000, sa_flags=none
SIGQUIT: SIG_DFL, sa_mask[0]=00000000000000000000000000000000, sa_flags=none


---------------  S Y S T E M  ---------------

OS:DISTRIB_ID=Ubuntu
DISTRIB_RELEASE=16.04
DISTRIB_CODENAME=xenial
DISTRIB_DESCRIPTION="Ubuntu 16.04.6 LTS"

uname:Linux 4.15.0-106-generic #107~16.04.1-Ubuntu SMP Thu Jun 4 15:40:05 UTC 2020 x86_64
libc:glibc 2.23 NPTL 2.23 
rlimit: STACK 8192k, CORE 0k, NPROC 62977, NOFILE 1048576, AS infinity
load average:24.61 45.71 25.92

/proc/meminfo:
MemTotal:       16267608 kB
MemFree:          172820 kB
MemAvailable:     174784 kB
Buffers:           28752 kB
Cached:          1867156 kB
SwapCached:        27428 kB
Active:         13629828 kB
Inactive:        1963372 kB
Active(anon):   13510792 kB
Inactive(anon):  1864812 kB
Active(file):     119036 kB
Inactive(file):    98560 kB
Unevictable:          64 kB
Mlocked:              64 kB
SwapTotal:       1003516 kB
SwapFree:              0 kB
Dirty:              1024 kB
Writeback:           464 kB
AnonPages:      13670728 kB
Mapped:          1337388 kB
Shmem:           1677512 kB
Slab:             258148 kB
SReclaimable:      92256 kB
SUnreclaim:       165892 kB
KernelStack:       35944 kB
PageTables:        97480 kB
NFS_Unstable:          0 kB
Bounce:                0 kB
WritebackTmp:          0 kB
CommitLimit:     9137320 kB
Committed_AS:   23780736 kB
VmallocTotal:   34359738367 kB
VmallocUsed:           0 kB
VmallocChunk:          0 kB
HardwareCorrupted:     0 kB
AnonHugePages:         0 kB
ShmemHugePages:        0 kB
ShmemPmdMapped:        0 kB
CmaTotal:              0 kB
CmaFree:               0 kB
HugePages_Total:       0
HugePages_Free:        0
HugePages_Rsvd:        0
HugePages_Surp:        0
Hugepagesize:       2048 kB
DirectMap4k:      317736 kB
DirectMap2M:     8962048 kB
DirectMap1G:     9437184 kB

container (cgroup) information:
container_type: cgroupv1
cpu_cpuset_cpus: 0-7
cpu_memory_nodes: 0
active_processor_count: 8
cpu_quota: -1
cpu_period: 100000
cpu_shares: -1
memory_limit_in_bytes: -1
memory_and_swap_limit_in_bytes: -2
memory_soft_limit_in_bytes: -1
memory_usage_in_bytes: 14901993472
memory_max_usage_in_bytes: 14980268032


CPU:total 8 (initial active 8) (4 cores per cpu, 2 threads per core) family 6 model 94 stepping 3, cmov, cx8, fxsr, mmx, sse, sse2, sse3, ssse3, sse4.1, sse4.2, popcnt, avx, avx2, aes, clmul, erms, rtm, 3dnowpref, lzcnt, ht, tsc, tscinvbit, bmi1, bmi2, adx

/proc/cpuinfo:
processor	: 0
vendor_id	: GenuineIntel
cpu family	: 6
model		: 94
model name	: Intel(R) Core(TM) i7-6700HQ CPU @ 2.60GHz
stepping	: 3
microcode	: 0xdc
cpu MHz		: 2700.167
cache size	: 6144 KB
physical id	: 0
siblings	: 8
core id		: 0
cpu cores	: 4
apicid		: 0
initial apicid	: 0
fpu		: yes
fpu_exception	: yes
cpuid level	: 22
wp		: yes
flags		: fpu vme de pse tsc msr pae mce cx8 apic sep mtrr pge mca cmov pat pse36 clflush dts acpi mmx fxsr sse sse2 ss ht tm pbe syscall nx pdpe1gb rdtscp lm constant_tsc art arch_perfmon pebs bts rep_good nopl xtopology nonstop_tsc cpuid aperfmperf pni pclmulqdq dtes64 monitor ds_cpl vmx est tm2 ssse3 sdbg fma cx16 xtpr pdcm pcid sse4_1 sse4_2 x2apic movbe popcnt tsc_deadline_timer aes xsave avx f16c rdrand lahf_lm abm 3dnowprefetch cpuid_fault epb invpcid_single pti ssbd ibrs ibpb stibp tpr_shadow vnmi flexpriority ept vpid fsgsbase tsc_adjust bmi1 hle avx2 smep bmi2 erms invpcid rtm mpx rdseed adx smap clflushopt intel_pt xsaveopt xsavec xgetbv1 xsaves dtherm ida arat pln pts hwp hwp_notify hwp_act_window hwp_epp md_clear flush_l1d
bugs		: cpu_meltdown spectre_v1 spectre_v2 spec_store_bypass l1tf mds swapgs taa itlb_multihit srbds
bogomips	: 5199.98
clflush size	: 64
cache_alignment	: 64
address sizes	: 39 bits physical, 48 bits virtual
power management:

processor	: 1
vendor_id	: GenuineIntel
cpu family	: 6
model		: 94
model name	: Intel(R) Core(TM) i7-6700HQ CPU @ 2.60GHz
stepping	: 3
microcode	: 0xdc
cpu MHz		: 2700.135
cache size	: 6144 KB
physical id	: 0
siblings	: 8
core id		: 1
cpu cores	: 4
apicid		: 2
initial apicid	: 2
fpu		: yes
fpu_exception	: yes
cpuid level	: 22
wp		: yes
flags		: fpu vme de pse tsc msr pae mce cx8 apic sep mtrr pge mca cmov pat pse36 clflush dts acpi mmx fxsr sse sse2 ss ht tm pbe syscall nx pdpe1gb rdtscp lm constant_tsc art arch_perfmon pebs bts rep_good nopl xtopology nonstop_tsc cpuid aperfmperf pni pclmulqdq dtes64 monitor ds_cpl vmx est tm2 ssse3 sdbg fma cx16 xtpr pdcm pcid sse4_1 sse4_2 x2apic movbe popcnt tsc_deadline_timer aes xsave avx f16c rdrand lahf_lm abm 3dnowprefetch cpuid_fault epb invpcid_single pti ssbd ibrs ibpb stibp tpr_shadow vnmi flexpriority ept vpid fsgsbase tsc_adjust bmi1 hle avx2 smep bmi2 erms invpcid rtm mpx rdseed adx smap clflushopt intel_pt xsaveopt xsavec xgetbv1 xsaves dtherm ida arat pln pts hwp hwp_notify hwp_act_window hwp_epp md_clear flush_l1d
bugs		: cpu_meltdown spectre_v1 spectre_v2 spec_store_bypass l1tf mds swapgs taa itlb_multihit srbds
bogomips	: 5199.98
clflush size	: 64
cache_alignment	: 64
address sizes	: 39 bits physical, 48 bits virtual
power management:

processor	: 2
vendor_id	: GenuineIntel
cpu family	: 6
model		: 94
model name	: Intel(R) Core(TM) i7-6700HQ CPU @ 2.60GHz
stepping	: 3
microcode	: 0xdc
cpu MHz		: 2700.086
cache size	: 6144 KB
physical id	: 0
siblings	: 8
core id		: 2
cpu cores	: 4
apicid		: 4
initial apicid	: 4
fpu		: yes
fpu_exception	: yes
cpuid level	: 22
wp		: yes
flags		: fpu vme de pse tsc msr pae mce cx8 apic sep mtrr pge mca cmov pat pse36 clflush dts acpi mmx fxsr sse sse2 ss ht tm pbe syscall nx pdpe1gb rdtscp lm constant_tsc art arch_perfmon pebs bts rep_good nopl xtopology nonstop_tsc cpuid aperfmperf pni pclmulqdq dtes64 monitor ds_cpl vmx est tm2 ssse3 sdbg fma cx16 xtpr pdcm pcid sse4_1 sse4_2 x2apic movbe popcnt tsc_deadline_timer aes xsave avx f16c rdrand lahf_lm abm 3dnowprefetch cpuid_fault epb invpcid_single pti ssbd ibrs ibpb stibp tpr_shadow vnmi flexpriority ept vpid fsgsbase tsc_adjust bmi1 hle avx2 smep bmi2 erms invpcid rtm mpx rdseed adx smap clflushopt intel_pt xsaveopt xsavec xgetbv1 xsaves dtherm ida arat pln pts hwp hwp_notify hwp_act_window hwp_epp md_clear flush_l1d
bugs		: cpu_meltdown spectre_v1 spectre_v2 spec_store_bypass l1tf mds swapgs taa itlb_multihit srbds
bogomips	: 5199.98
clflush size	: 64
cache_alignment	: 64
address sizes	: 39 bits physical, 48 bits virtual
power management:

processor	: 3
vendor_id	: GenuineIntel
cpu family	: 6
model		: 94
model name	: Intel(R) Core(TM) i7-6700HQ CPU @ 2.60GHz
stepping	: 3
microcode	: 0xdc
cpu MHz		: 2700.020
cache size	: 6144 KB
physical id	: 0
siblings	: 8
core id		: 3
cpu cores	: 4
apicid		: 6
initial apicid	: 6
fpu		: yes
fpu_exception	: yes
cpuid level	: 22
wp		: yes
flags		: fpu vme de pse tsc msr pae mce cx8 apic sep mtrr pge mca cmov pat pse36 clflush dts acpi mmx fxsr sse sse2 ss ht tm pbe syscall nx pdpe1gb rdtscp lm constant_tsc art arch_perfmon pebs bts rep_good nopl xtopology nonstop_tsc cpuid aperfmperf pni pclmulqdq dtes64 monitor ds_cpl vmx est tm2 ssse3 sdbg fma cx16 xtpr pdcm pcid sse4_1 sse4_2 x2apic movbe popcnt tsc_deadline_timer aes xsave avx f16c rdrand lahf_lm abm 3dnowprefetch cpuid_fault epb invpcid_single pti ssbd ibrs ibpb stibp tpr_shadow vnmi flexpriority ept vpid fsgsbase tsc_adjust bmi1 hle avx2 smep bmi2 erms invpcid rtm mpx rdseed adx smap clflushopt intel_pt xsaveopt xsavec xgetbv1 xsaves dtherm ida arat pln pts hwp hwp_notify hwp_act_window hwp_epp md_clear flush_l1d
bugs		: cpu_meltdown spectre_v1 spectre_v2 spec_store_bypass l1tf mds swapgs taa itlb_multihit srbds
bogomips	: 5199.98
clflush size	: 64
cache_alignment	: 64
address sizes	: 39 bits physical, 48 bits virtual
power management:

processor	: 4
vendor_id	: GenuineIntel
cpu family	: 6
model		: 94
model name	: Intel(R) Core(TM) i7-6700HQ CPU @ 2.60GHz
stepping	: 3
microcode	: 0xdc
cpu MHz		: 2699.966
cache size	: 6144 KB
physical id	: 0
siblings	: 8
core id		: 0
cpu cores	: 4
apicid		: 1
initial apicid	: 1
fpu		: yes
fpu_exception	: yes
cpuid level	: 22
wp		: yes
flags		: fpu vme de pse tsc msr pae mce cx8 apic sep mtrr pge mca cmov pat pse36 clflush dts acpi mmx fxsr sse sse2 ss ht tm pbe syscall nx pdpe1gb rdtscp lm constant_tsc art arch_perfmon pebs bts rep_good nopl xtopology nonstop_tsc cpuid aperfmperf pni pclmulqdq dtes64 monitor ds_cpl vmx est tm2 ssse3 sdbg fma cx16 xtpr pdcm pcid sse4_1 sse4_2 x2apic movbe popcnt tsc_deadline_timer aes xsave avx f16c rdrand lahf_lm abm 3dnowprefetch cpuid_fault epb invpcid_single pti ssbd ibrs ibpb stibp tpr_shadow vnmi flexpriority ept vpid fsgsbase tsc_adjust bmi1 hle avx2 smep bmi2 erms invpcid rtm mpx rdseed adx smap clflushopt intel_pt xsaveopt xsavec xgetbv1 xsaves dtherm ida arat pln pts hwp hwp_notify hwp_act_window hwp_epp md_clear flush_l1d
bugs		: cpu_meltdown spectre_v1 spectre_v2 spec_store_bypass l1tf mds swapgs taa itlb_multihit srbds
bogomips	: 5199.98
clflush size	: 64
cache_alignment	: 64
address sizes	: 39 bits physical, 48 bits virtual
power management:

processor	: 5
vendor_id	: GenuineIntel
cpu family	: 6
model		: 94
model name	: Intel(R) Core(TM) i7-6700HQ CPU @ 2.60GHz
stepping	: 3
microcode	: 0xdc
cpu MHz		: 2699.913
cache size	: 6144 KB
physical id	: 0
siblings	: 8
core id		: 1
cpu cores	: 4
apicid		: 3
initial apicid	: 3
fpu		: yes
fpu_exception	: yes
cpuid level	: 22
wp		: yes
flags		: fpu vme de pse tsc msr pae mce cx8 apic sep mtrr pge mca cmov pat pse36 clflush dts acpi mmx fxsr sse sse2 ss ht tm pbe syscall nx pdpe1gb rdtscp lm constant_tsc art arch_perfmon pebs bts rep_good nopl xtopology nonstop_tsc cpuid aperfmperf pni pclmulqdq dtes64 monitor ds_cpl vmx est tm2 ssse3 sdbg fma cx16 xtpr pdcm pcid sse4_1 sse4_2 x2apic movbe popcnt tsc_deadline_timer aes xsave avx f16c rdrand lahf_lm abm 3dnowprefetch cpuid_fault epb invpcid_single pti ssbd ibrs ibpb stibp tpr_shadow vnmi flexpriority ept vpid fsgsbase tsc_adjust bmi1 hle avx2 smep bmi2 erms invpcid rtm mpx rdseed adx smap clflushopt intel_pt xsaveopt xsavec xgetbv1 xsaves dtherm ida arat pln pts hwp hwp_notify hwp_act_window hwp_epp md_clear flush_l1d
bugs		: cpu_meltdown spectre_v1 spectre_v2 spec_store_bypass l1tf mds swapgs taa itlb_multihit srbds
bogomips	: 5199.98
clflush size	: 64
cache_alignment	: 64
address sizes	: 39 bits physical, 48 bits virtual
power management:

processor	: 6
vendor_id	: GenuineIntel
cpu family	: 6
model		: 94
model name	: Intel(R) Core(TM) i7-6700HQ CPU @ 2.60GHz
stepping	: 3
microcode	: 0xdc
cpu MHz		: 2699.983
cache size	: 6144 KB
physical id	: 0
siblings	: 8
core id		: 2
cpu cores	: 4
apicid		: 5
initial apicid	: 5
fpu		: yes
fpu_exception	: yes
cpuid level	: 22
wp		: yes
flags		: fpu vme de pse tsc msr pae mce cx8 apic sep mtrr pge mca cmov pat pse36 clflush dts acpi mmx fxsr sse sse2 ss ht tm pbe syscall nx pdpe1gb rdtscp lm constant_tsc art arch_perfmon pebs bts rep_good nopl xtopology nonstop_tsc cpuid aperfmperf pni pclmulqdq dtes64 monitor ds_cpl vmx est tm2 ssse3 sdbg fma cx16 xtpr pdcm pcid sse4_1 sse4_2 x2apic movbe popcnt tsc_deadline_timer aes xsave avx f16c rdrand lahf_lm abm 3dnowprefetch cpuid_fault epb invpcid_single pti ssbd ibrs ibpb stibp tpr_shadow vnmi flexpriority ept vpid fsgsbase tsc_adjust bmi1 hle avx2 smep bmi2 erms invpcid rtm mpx rdseed adx smap clflushopt intel_pt xsaveopt xsavec xgetbv1 xsaves dtherm ida arat pln pts hwp hwp_notify hwp_act_window hwp_epp md_clear flush_l1d
bugs		: cpu_meltdown spectre_v1 spectre_v2 spec_store_bypass l1tf mds swapgs taa itlb_multihit srbds
bogomips	: 5199.98
clflush size	: 64
cache_alignment	: 64
address sizes	: 39 bits physical, 48 bits virtual
power management:

processor	: 7
vendor_id	: GenuineIntel
cpu family	: 6
model		: 94
model name	: Intel(R) Core(TM) i7-6700HQ CPU @ 2.60GHz
stepping	: 3
microcode	: 0xdc
cpu MHz		: 2699.898
cache size	: 6144 KB
physical id	: 0
siblings	: 8
core id		: 3
cpu cores	: 4
apicid		: 7
initial apicid	: 7
fpu		: yes
fpu_exception	: yes
cpuid level	: 22
wp		: yes
flags		: fpu vme de pse tsc msr pae mce cx8 apic sep mtrr pge mca cmov pat pse36 clflush dts acpi mmx fxsr sse sse2 ss ht tm pbe syscall nx pdpe1gb rdtscp lm constant_tsc art arch_perfmon pebs bts rep_good nopl xtopology nonstop_tsc cpuid aperfmperf pni pclmulqdq dtes64 monitor ds_cpl vmx est tm2 ssse3 sdbg fma cx16 xtpr pdcm pcid sse4_1 sse4_2 x2apic movbe popcnt tsc_deadline_timer aes xsave avx f16c rdrand lahf_lm abm 3dnowprefetch cpuid_fault epb invpcid_single pti ssbd ibrs ibpb stibp tpr_shadow vnmi flexpriority ept vpid fsgsbase tsc_adjust bmi1 hle avx2 smep bmi2 erms invpcid rtm mpx rdseed adx smap clflushopt intel_pt xsaveopt xsavec xgetbv1 xsaves dtherm ida arat pln pts hwp hwp_notify hwp_act_window hwp_epp md_clear flush_l1d
bugs		: cpu_meltdown spectre_v1 spectre_v2 spec_store_bypass l1tf mds swapgs taa itlb_multihit srbds
bogomips	: 5199.98
clflush size	: 64
cache_alignment	: 64
address sizes	: 39 bits physical, 48 bits virtual
power management:



Memory: 4k page, physical 16267608k(178904k free), swap 1003516k(0k free)

vm_info: OpenJDK 64-Bit Server VM (25.252-b09) for linux-amd64 JRE (1.8.0_252-8u252-b09-1~16.04-b09), built on Apr 15 2020 21:06:51 by "buildd" with gcc 5.4.0 20160609

time: Tue Jun 30 15:35:56 2020
timezone: BST
elapsed time: 0 seconds (0d 0h 0m 0s)

